[03Dec2024 00:03:39.940] [Server thread/INFO] [net.minecraft.server.players.PlayerList/]: SoyGunther92[/127.171.115.68:52901] logged in with entity id 93712 at (324.30000001192093, 75.0, 706.6999999880791)
[03Dec2024 00:03:39.944] [Server thread/INFO] [ModdingLegacy/blue_skies/]: Sending ToolHandleTypeManager to SoyGunther92
[03Dec2024 00:03:39.945] [Server thread/INFO] [ModdingLegacy/blue_skies/]: Sending SnowcapOvenFreezingManager to SoyGunther92
[03Dec2024 00:03:39.945] [Server thread/INFO] [ModdingLegacy/blue_skies/]: Sending HorizoniteForgeFuelManager to SoyGunther92
[03Dec2024 00:03:39.945] [Server thread/INFO] [ModdingLegacy/blue_skies/]: Sending AlchemyRecipeManager to SoyGunther92
[03Dec2024 00:03:39.947] [Server thread/INFO] [ModdingLegacy/blue_skies/]: Sending JournalEntryManager to SoyGunther92
[03Dec2024 00:03:39.949] [Server thread/INFO] [ModdingLegacy/blue_skies/]: Sending JournalSectionManager to SoyGunther92
[03Dec2024 00:03:39.950] [Server thread/INFO] [ModdingLegacy/blue_skies/]: Sending JournalRequirementManager to SoyGunther92
[03Dec2024 00:03:39.959] [Server thread/INFO] [net.minecraft.server.MinecraftServer/]: SoyGunther92 joined the game
[03Dec2024 00:03:41.498] [Server thread/INFO] [voicechat/]: [voicechat] Received secret request of SoyGunther92 (18)
[03Dec2024 00:03:41.499] [Server thread/INFO] [voicechat/]: [voicechat] Sent secret to SoyGunther92
[03Dec2024 00:03:45.642] [VoiceChatPacketProcessingThread/INFO] [voicechat/]: [voicechat] Successfully authenticated player 07191637-8cf4-3ff5-8b11-d0785b671c20
[03Dec2024 00:03:46.629] [VoiceChatPacketProcessingThread/INFO] [voicechat/]: [voicechat] Successfully validated connection of player 07191637-8cf4-3ff5-8b11-d0785b671c20
[03Dec2024 00:03:46.629] [VoiceChatPacketProcessingThread/INFO] [voicechat/]: [voicechat] Player SoyGunther92 (07191637-8cf4-3ff5-8b11-d0785b671c20) successfully connected to voice chat
[03Dec2024 00:03:53.794] [Server thread/INFO] [net.minecraft.server.MinecraftServer/]: <SoyGunther92> klk
[03Dec2024 00:04:07.295] [Server thread/INFO] [net.minecraft.server.MinecraftServer/]: SoyGunther92 has made the advancement [It Belongs in a Museum]
[03Dec2024 00:04:07.960] [Server thread/INFO] [net.minecraft.server.MinecraftServer/]: SoyGunther92 has made the advancement [Magic Writing]
[03Dec2024 00:04:19.898] [Server thread/INFO] [net.minecraft.server.MinecraftServer/]: <MohaAP> entra a grupo
[03Dec2024 00:04:24.166] [Server thread/INFO] [net.minecraft.server.MinecraftServer/]: <MohaAP> del vioce
[03Dec2024 00:04:35.864] [Server thread/INFO] [net.minecraft.server.MinecraftServer/]: <SoyGunther92> ya
[03Dec2024 00:04:40.092] [Server thread/INFO] [net.minecraft.server.MinecraftServer/]: <SoyGunther92> pero estoy un tole lejos
[03Dec2024 00:04:55.452] [Server thread/INFO] [net.minecraft.server.MinecraftServer/]: [MohaAP: Teleported SoyGunther92 to MohaAP]
